<?xml version="1.0" encoding="UTF-8"?>
<testsuite xmlns:xsi="http://www.w3.org/2001/XMLSchema-instance" xsi:noNamespaceSchemaLocation="https://maven.apache.org/surefire/maven-surefire-plugin/xsd/surefire-test-report.xsd" name="com.automation.runner.TestRunner" time="38.602" tests="8" errors="3" skipped="0" failures="0">
  <properties>
[...]
</properties>
  <testcase name="As a manager I want to sign in so I can view my custom homepage" classname="Users of my bug catcher application should be able to login to their respective homepages" time="9.12">
    <error message="Expected condition failed: waiting for title to be &quot;Manager Page&quot;. Current title: &quot;login&quot; (tried for 7 second(s) with 500 milliseconds interval)&#10;Build info: version: &apos;3.141.59&apos;, revision: &apos;e82be7d358&apos;, time: &apos;2018-11-14T08:17:03&apos;&#10;System info: host: &apos;LAPTOP-ON5LH59T&apos;, ip: &apos;10.0.0.159&apos;, os.name: &apos;Windows 10&apos;, os.arch: &apos;amd64&apos;, os.version: &apos;10.0&apos;, java.version: &apos;1.8.0_332&apos;&#10;Driver info: org.openqa.selenium.chrome.ChromeDriver&#10;Capabilities {acceptInsecureCerts: false, browserName: chrome, browserVersion: 103.0.5060.114, chrome: {chromedriverVersion: 103.0.5060.53 (a1711811edd7..., userDataDir: C:\Users\17132\AppData\Loca...}, goog:chromeOptions: {debuggerAddress: localhost:62814}, javascriptEnabled: true, networkConnectionEnabled: false, pageLoadStrategy: normal, platform: WINDOWS, platformName: WINDOWS, proxy: Proxy(), setWindowRect: true, strictFileInteractability: false, timeouts: {implicit: 0, pageLoad: 300000, script: 30000}, unhandledPromptBehavior: dismiss and notify, webauthn:extension:credBlob: true, webauthn:extension:largeBlob: true, webauthn:virtualAuthenticators: true}&#10;Session ID: 17ba74ca7ed93b9f976bca254f003245" type="org.openqa.selenium.TimeoutException">org.openqa.selenium.TimeoutException: 
Expected condition failed: waiting for title to be "Manager Page". Current title: "login" (tried for 7 second(s) with 500 milliseconds interval)
Build info: version: '3.141.59', revision: 'e82be7d358', time: '2018-11-14T08:17:03'
System info: host: 'LAPTOP-ON5LH59T', ip: '10.0.0.159', os.name: 'Windows 10', os.arch: 'amd64', os.version: '10.0', java.version: '1.8.0_332'
Driver info: org.openqa.selenium.chrome.ChromeDriver
Capabilities {acceptInsecureCerts: false, browserName: chrome, browserVersion: 103.0.5060.114, chrome: {chromedriverVersion: 103.0.5060.53 (a1711811edd7..., userDataDir: C:\Users\17132\AppData\Loca...}, goog:chromeOptions: {debuggerAddress: localhost:62814}, javascriptEnabled: true, networkConnectionEnabled: false, pageLoadStrategy: normal, platform: WINDOWS, platformName: WINDOWS, proxy: Proxy(), setWindowRect: true, strictFileInteractability: false, timeouts: {implicit: 0, pageLoad: 300000, script: 30000}, unhandledPromptBehavior: dismiss and notify, webauthn:extension:credBlob: true, webauthn:extension:largeBlob: true, webauthn:virtualAuthenticators: true}
Session ID: 17ba74ca7ed93b9f976bca254f003245
</error>
    <system-out><![CDATA[
Scenario: As a manager I want to sign in so I can view my custom homepage &amp#27;[90m# features/login.feature:3&amp#27;[0m
  &amp#27;[32mGiven &amp#27;[0m&amp#27;[32mthe employee is on the login page&amp#27;[0m                                 &amp#27;[90m# com.automation.steps.LoginSteps.the_employee_is_on_the_login_page()&amp#27;[0m
  &amp#27;[32mWhen &amp#27;[0m&amp#27;[32mthe manager enters his correct username&amp#27;[0m                            &amp#27;[90m# com.automation.steps.LoginSteps.the_manager_enters_his_correct_username()&amp#27;[0m
  &amp#27;[32mWhen &amp#27;[0m&amp#27;[32mthe manager enters his correct password&amp#27;[0m                            &amp#27;[90m# com.automation.steps.LoginSteps.the_manager_enters_his_correct_password()&amp#27;[0m
  &amp#27;[32mWhen &amp#27;[0m&amp#27;[32mthe employee clicks the login button&amp#27;[0m                               &amp#27;[90m# com.automation.steps.LoginSteps.the_employee_clicks_the_login_button()&amp#27;[0m
  &amp#27;[31mThen &amp#27;[0m&amp#27;[31mthe manager should be logged in to the manager home page&amp#27;[0m           &amp#27;[90m# com.automation.steps.LoginSteps.the_manager_should_be_logged_in_to_the_manager_home_page()&amp#27;[0m
      &amp#27;[31morg.openqa.selenium.TimeoutException: Expected condition failed: waiting for title to be "Manager Page". Current title: "login" (tried for 7 second(s) with 500 milliseconds interval)
Build info: version: '3.141.59', revision: 'e82be7d358', time: '2018-11-14T08:17:03'
System info: host: 'LAPTOP-ON5LH59T', ip: '10.0.0.159', os.name: 'Windows 10', os.arch: 'amd64', os.version: '10.0', java.version: '1.8.0_332'
Driver info: org.openqa.selenium.chrome.ChromeDriver
Capabilities {acceptInsecureCerts: false, browserName: chrome, browserVersion: 103.0.5060.114, chrome: {chromedriverVersion: 103.0.5060.53 (a1711811edd7..., userDataDir: C:\Users\17132\AppData\Loca...}, goog:chromeOptions: {debuggerAddress: localhost:62814}, javascriptEnabled: true, networkConnectionEnabled: false, pageLoadStrategy: normal, platform: WINDOWS, platformName: WINDOWS, proxy: Proxy(), setWindowRect: true, strictFileInteractability: false, timeouts: {implicit: 0, pageLoad: 300000, script: 30000}, unhandledPromptBehavior: dismiss and notify, webauthn:extension:credBlob: true, webauthn:extension:largeBlob: true, webauthn:virtualAuthenticators: true}
Session ID: 17ba74ca7ed93b9f976bca254f003245
	at org.openqa.selenium.support.ui.WebDriverWait.timeoutException(WebDriverWait.java:95)
	at org.openqa.selenium.support.ui.FluentWait.until(FluentWait.java:272)
	at com.automation.steps.LoginSteps.the_manager_should_be_logged_in_to_the_manager_home_page(LoginSteps.java:40)
	at âœ½.the manager should be logged in to the manager home page(classpath:features/login.feature:9)
&amp#27;[0m
]]></system-out>
    <system-err><![CDATA[Starting ChromeDriver 103.0.5060.53 (a1711811edd74ff1cf2150f36ffa3b0dae40b17f-refs/branch-heads/5060@{#853}) on port 7168
Only local connections are allowed.
Please see https://chromedriver.chromium.org/security-considerations for suggestions on keeping ChromeDriver safe.
ChromeDriver was started successfully.
Jul 10, 2022 1:01:28 PM org.openqa.selenium.remote.ProtocolHandshake createSession
INFO: Detected dialect: W3C
]]></system-err>
  </testcase>
  <testcase name="As a tester I want to sign in so I can view my custom homepage" classname="Users of my bug catcher application should be able to login to their respective homepages" time="8.56">
    <error message="Expected condition failed: waiting for alert to be present (tried for 7 second(s) with 500 milliseconds interval)&#10;Build info: version: &apos;3.141.59&apos;, revision: &apos;e82be7d358&apos;, time: &apos;2018-11-14T08:17:03&apos;&#10;System info: host: &apos;LAPTOP-ON5LH59T&apos;, ip: &apos;10.0.0.159&apos;, os.name: &apos;Windows 10&apos;, os.arch: &apos;amd64&apos;, os.version: &apos;10.0&apos;, java.version: &apos;1.8.0_332&apos;&#10;Driver info: org.openqa.selenium.chrome.ChromeDriver&#10;Capabilities {acceptInsecureCerts: false, browserName: chrome, browserVersion: 103.0.5060.114, chrome: {chromedriverVersion: 103.0.5060.53 (a1711811edd7..., userDataDir: C:\Users\17132\AppData\Loca...}, goog:chromeOptions: {debuggerAddress: localhost:62814}, javascriptEnabled: true, networkConnectionEnabled: false, pageLoadStrategy: normal, platform: WINDOWS, platformName: WINDOWS, proxy: Proxy(), setWindowRect: true, strictFileInteractability: false, timeouts: {implicit: 0, pageLoad: 300000, script: 30000}, unhandledPromptBehavior: dismiss and notify, webauthn:extension:credBlob: true, webauthn:extension:largeBlob: true, webauthn:virtualAuthenticators: true}&#10;Session ID: 17ba74ca7ed93b9f976bca254f003245" type="org.openqa.selenium.TimeoutException">org.openqa.selenium.TimeoutException: 
Expected condition failed: waiting for alert to be present (tried for 7 second(s) with 500 milliseconds interval)
Build info: version: '3.141.59', revision: 'e82be7d358', time: '2018-11-14T08:17:03'
System info: host: 'LAPTOP-ON5LH59T', ip: '10.0.0.159', os.name: 'Windows 10', os.arch: 'amd64', os.version: '10.0', java.version: '1.8.0_332'
Driver info: org.openqa.selenium.chrome.ChromeDriver
Capabilities {acceptInsecureCerts: false, browserName: chrome, browserVersion: 103.0.5060.114, chrome: {chromedriverVersion: 103.0.5060.53 (a1711811edd7..., userDataDir: C:\Users\17132\AppData\Loca...}, goog:chromeOptions: {debuggerAddress: localhost:62814}, javascriptEnabled: true, networkConnectionEnabled: false, pageLoadStrategy: normal, platform: WINDOWS, platformName: WINDOWS, proxy: Proxy(), setWindowRect: true, strictFileInteractability: false, timeouts: {implicit: 0, pageLoad: 300000, script: 30000}, unhandledPromptBehavior: dismiss and notify, webauthn:extension:credBlob: true, webauthn:extension:largeBlob: true, webauthn:virtualAuthenticators: true}
Session ID: 17ba74ca7ed93b9f976bca254f003245
</error>
    <system-out><![CDATA[
Scenario: As a tester I want to sign in so I can view my custom homepage &amp#27;[90m# features/login.feature:11&amp#27;[0m
  &amp#27;[32mGiven &amp#27;[0m&amp#27;[32mthe employee is on the login page&amp#27;[0m                                &amp#27;[90m# com.automation.steps.LoginSteps.the_employee_is_on_the_login_page()&amp#27;[0m
  &amp#27;[32mWhen &amp#27;[0m&amp#27;[32mthe tester enters his correct username&amp#27;[0m                            &amp#27;[90m# com.automation.steps.LoginSteps.the_tester_enters_his_correct_username()&amp#27;[0m
  &amp#27;[32mWhen &amp#27;[0m&amp#27;[32mthe tester enters his correct password&amp#27;[0m                            &amp#27;[90m# com.automation.steps.LoginSteps.the_tester_enters_his_correct_password()&amp#27;[0m
  &amp#27;[32mWhen &amp#27;[0m&amp#27;[32mthe employee clicks the login button&amp#27;[0m                              &amp#27;[90m# com.automation.steps.LoginSteps.the_employee_clicks_the_login_button()&amp#27;[0m
  &amp#27;[31mThen &amp#27;[0m&amp#27;[31mthe tester should be logged in to the tester home page&amp#27;[0m            &amp#27;[90m# com.automation.steps.LoginSteps.the_tester_should_be_logged_in_to_the_tester_home_page()&amp#27;[0m
      &amp#27;[31morg.openqa.selenium.TimeoutException: Expected condition failed: waiting for alert to be present (tried for 7 second(s) with 500 milliseconds interval)
Build info: version: '3.141.59', revision: 'e82be7d358', time: '2018-11-14T08:17:03'
System info: host: 'LAPTOP-ON5LH59T', ip: '10.0.0.159', os.name: 'Windows 10', os.arch: 'amd64', os.version: '10.0', java.version: '1.8.0_332'
Driver info: org.openqa.selenium.chrome.ChromeDriver
Capabilities {acceptInsecureCerts: false, browserName: chrome, browserVersion: 103.0.5060.114, chrome: {chromedriverVersion: 103.0.5060.53 (a1711811edd7..., userDataDir: C:\Users\17132\AppData\Loca...}, goog:chromeOptions: {debuggerAddress: localhost:62814}, javascriptEnabled: true, networkConnectionEnabled: false, pageLoadStrategy: normal, platform: WINDOWS, platformName: WINDOWS, proxy: Proxy(), setWindowRect: true, strictFileInteractability: false, timeouts: {implicit: 0, pageLoad: 300000, script: 30000}, unhandledPromptBehavior: dismiss and notify, webauthn:extension:credBlob: true, webauthn:extension:largeBlob: true, webauthn:virtualAuthenticators: true}
Session ID: 17ba74ca7ed93b9f976bca254f003245
	at org.openqa.selenium.support.ui.WebDriverWait.timeoutException(WebDriverWait.java:95)
	at org.openqa.selenium.support.ui.FluentWait.until(FluentWait.java:272)
	at com.automation.steps.LoginSteps.the_tester_should_be_logged_in_to_the_tester_home_page(LoginSteps.java:57)
	at âœ½.the tester should be logged in to the tester home page(classpath:features/login.feature:17)
&amp#27;[0m
]]></system-out>
  </testcase>
  <testcase name="as the manager i want to name and assign a defect to a tester" classname="Managers of my bug catcher application should be able to create and assign defects" time="8.662">
    <error message="Expected condition failed: waiting for alert to be present (tried for 7 second(s) with 500 milliseconds interval)&#10;Build info: version: &apos;3.141.59&apos;, revision: &apos;e82be7d358&apos;, time: &apos;2018-11-14T08:17:03&apos;&#10;System info: host: &apos;LAPTOP-ON5LH59T&apos;, ip: &apos;10.0.0.159&apos;, os.name: &apos;Windows 10&apos;, os.arch: &apos;amd64&apos;, os.version: &apos;10.0&apos;, java.version: &apos;1.8.0_332&apos;&#10;Driver info: org.openqa.selenium.chrome.ChromeDriver&#10;Capabilities {acceptInsecureCerts: false, browserName: chrome, browserVersion: 103.0.5060.114, chrome: {chromedriverVersion: 103.0.5060.53 (a1711811edd7..., userDataDir: C:\Users\17132\AppData\Loca...}, goog:chromeOptions: {debuggerAddress: localhost:62814}, javascriptEnabled: true, networkConnectionEnabled: false, pageLoadStrategy: normal, platform: WINDOWS, platformName: WINDOWS, proxy: Proxy(), setWindowRect: true, strictFileInteractability: false, timeouts: {implicit: 0, pageLoad: 300000, script: 30000}, unhandledPromptBehavior: dismiss and notify, webauthn:extension:credBlob: true, webauthn:extension:largeBlob: true, webauthn:virtualAuthenticators: true}&#10;Session ID: 17ba74ca7ed93b9f976bca254f003245" type="org.openqa.selenium.TimeoutException">org.openqa.selenium.TimeoutException: 
Expected condition failed: waiting for alert to be present (tried for 7 second(s) with 500 milliseconds interval)
Build info: version: '3.141.59', revision: 'e82be7d358', time: '2018-11-14T08:17:03'
System info: host: 'LAPTOP-ON5LH59T', ip: '10.0.0.159', os.name: 'Windows 10', os.arch: 'amd64', os.version: '10.0', java.version: '1.8.0_332'
Driver info: org.openqa.selenium.chrome.ChromeDriver
Capabilities {acceptInsecureCerts: false, browserName: chrome, browserVersion: 103.0.5060.114, chrome: {chromedriverVersion: 103.0.5060.53 (a1711811edd7..., userDataDir: C:\Users\17132\AppData\Loca...}, goog:chromeOptions: {debuggerAddress: localhost:62814}, javascriptEnabled: true, networkConnectionEnabled: false, pageLoadStrategy: normal, platform: WINDOWS, platformName: WINDOWS, proxy: Proxy(), setWindowRect: true, strictFileInteractability: false, timeouts: {implicit: 0, pageLoad: 300000, script: 30000}, unhandledPromptBehavior: dismiss and notify, webauthn:extension:credBlob: true, webauthn:extension:largeBlob: true, webauthn:virtualAuthenticators: true}
Session ID: 17ba74ca7ed93b9f976bca254f003245
</error>
    <system-out><![CDATA[
Scenario: as the manager i want to name and assign a defect to a tester &amp#27;[90m# features/manager.feature:3&amp#27;[0m
  &amp#27;[32mGiven &amp#27;[0m&amp#27;[32mthe manager is logged into his homepage&amp#27;[0m                         &amp#27;[90m# com.automation.steps.ManagerSteps.the_manager_is_logged_into_his_homepage()&amp#27;[0m
  &amp#27;[32mWhen &amp#27;[0m&amp#27;[32mthe manager inputs a defect name&amp#27;[0m                                 &amp#27;[90m# com.automation.steps.ManagerSteps.the_manager_inputs_a_defect_name()&amp#27;[0m
  &amp#27;[32mWhen &amp#27;[0m&amp#27;[32mthe manager inputs a tester username&amp#27;[0m                             &amp#27;[90m# com.automation.steps.ManagerSteps.the_manager_inputs_a_tester_username()&amp#27;[0m
  &amp#27;[32mWhen &amp#27;[0m&amp#27;[32mthe manager clicks the assign button&amp#27;[0m                             &amp#27;[90m# com.automation.steps.ManagerSteps.the_manager_clicks_the_assign_button()&amp#27;[0m
  &amp#27;[31mThen &amp#27;[0m&amp#27;[31mthe manager has created and assigned a defect&amp#27;[0m                    &amp#27;[90m# com.automation.steps.ManagerSteps.the_manager_has_created_and_assigned_a_defect()&amp#27;[0m
      &amp#27;[31morg.openqa.selenium.TimeoutException: Expected condition failed: waiting for alert to be present (tried for 7 second(s) with 500 milliseconds interval)
Build info: version: '3.141.59', revision: 'e82be7d358', time: '2018-11-14T08:17:03'
System info: host: 'LAPTOP-ON5LH59T', ip: '10.0.0.159', os.name: 'Windows 10', os.arch: 'amd64', os.version: '10.0', java.version: '1.8.0_332'
Driver info: org.openqa.selenium.chrome.ChromeDriver
Capabilities {acceptInsecureCerts: false, browserName: chrome, browserVersion: 103.0.5060.114, chrome: {chromedriverVersion: 103.0.5060.53 (a1711811edd7..., userDataDir: C:\Users\17132\AppData\Loca...}, goog:chromeOptions: {debuggerAddress: localhost:62814}, javascriptEnabled: true, networkConnectionEnabled: false, pageLoadStrategy: normal, platform: WINDOWS, platformName: WINDOWS, proxy: Proxy(), setWindowRect: true, strictFileInteractability: false, timeouts: {implicit: 0, pageLoad: 300000, script: 30000}, unhandledPromptBehavior: dismiss and notify, webauthn:extension:credBlob: true, webauthn:extension:largeBlob: true, webauthn:virtualAuthenticators: true}
Session ID: 17ba74ca7ed93b9f976bca254f003245
	at org.openqa.selenium.support.ui.WebDriverWait.timeoutException(WebDriverWait.java:95)
	at org.openqa.selenium.support.ui.FluentWait.until(FluentWait.java:272)
	at com.automation.steps.ManagerSteps.the_manager_has_created_and_assigned_a_defect(ManagerSteps.java:34)
	at âœ½.the manager has created and assigned a defect(classpath:features/manager.feature:9)
&amp#27;[0m
]]></system-out>
  </testcase>
  <testcase name="Testers should be able to accept defects" classname="Testers of my bug catcher application should be able to update assigned defects" time="0.666"/>
  <testcase name="Testers should be able to accept or Reject" classname="Testers of my bug catcher application should be able to update assigned defects" time="0.832"/>
  <testcase name="Testers should be able update the defect status" classname="Testers of my bug catcher application should be able to update assigned defects" time="0.98"/>
  <testcase name="Tester should be able to shelved defect" classname="Testers of my bug catcher application should be able to update assigned defects" time="1.176"/>
  <testcase name="Tester should be able to rejected defect" classname="Testers of my bug catcher application should be able to update assigned defects" time="0.775"/>
</testsuite>