<?xml version="1.0" encoding="UTF-8"?>
<testsuite xmlns:xsi="http://www.w3.org/2001/XMLSchema-instance" xsi:noNamespaceSchemaLocation="https://maven.apache.org/surefire/maven-surefire-plugin/xsd/surefire-test-report.xsd" name="com.automation.runner.TestRunner" time="7.701" tests="6" errors="3" skipped="0" failures="0">
  <properties>
[...]
</properties>
  <testcase name="As a manager I want to sign in so I can view my custom homepage" classname="Users of my bug catcher application should be able to login to their respective homepages" time="1.051"/>
  <testcase name="As a tester I want to sign in so I can view my custom homepage" classname="Users of my bug catcher application should be able to login to their respective homepages" time="0.859"/>
  <testcase name="as the manager i want to name and assign a defect to a tester" classname="Managers of my bug catcher application should be able to create and assign defects" time="0.808"/>
  <testcase name="Testers should be able to accept defects" classname="Testers of my bug catcher application should be able to update assigned defects" time="0.326">
    <error message="Cannot locate element with text: Accepted&#10;For documentation on this error, please visit: https://www.seleniumhq.org/exceptions/no_such_element.html&#10;Build info: version: &apos;3.141.59&apos;, revision: &apos;e82be7d358&apos;, time: &apos;2018-11-14T08:17:03&apos;&#10;System info: host: &apos;LAPTOP-ON5LH59T&apos;, ip: &apos;10.0.0.159&apos;, os.name: &apos;Windows 10&apos;, os.arch: &apos;amd64&apos;, os.version: &apos;10.0&apos;, java.version: &apos;1.8.0_332&apos;&#10;Driver info: driver.version: unknown" type="org.openqa.selenium.NoSuchElementException">org.openqa.selenium.NoSuchElementException: 
Cannot locate element with text: Accepted
For documentation on this error, please visit: https://www.seleniumhq.org/exceptions/no_such_element.html
Build info: version: '3.141.59', revision: 'e82be7d358', time: '2018-11-14T08:17:03'
System info: host: 'LAPTOP-ON5LH59T', ip: '10.0.0.159', os.name: 'Windows 10', os.arch: 'amd64', os.version: '10.0', java.version: '1.8.0_332'
Driver info: driver.version: unknown
</error>
    <system-out><![CDATA[
Scenario: Testers should be able to accept defects &amp#27;[90m# features/tester.feature:3&amp#27;[0m
  &amp#27;[32mGiven &amp#27;[0m&amp#27;[32mtester is logged into custom tester page&amp#27;[0m   &amp#27;[90m# com.automation.steps.TesterSteps.tester_is_logged_into_custom_tester_page()&amp#27;[0m
  &amp#27;[32mWhen &amp#27;[0m&amp#27;[32mtester selects pending defect by id&amp#27;[0m         &amp#27;[90m# com.automation.steps.TesterSteps.tester_selects_pending_defect_by_id()&amp#27;[0m
  &amp#27;[31mWhen &amp#27;[0m&amp#27;[31mtester selects defect to accept&amp#27;[0m             &amp#27;[90m# com.automation.steps.TesterSteps.tester_selects_defect_to_accept()&amp#27;[0m
      &amp#27;[31morg.openqa.selenium.NoSuchElementException: Cannot locate element with text: Accepted
For documentation on this error, please visit: https://www.seleniumhq.org/exceptions/no_such_element.html
Build info: version: '3.141.59', revision: 'e82be7d358', time: '2018-11-14T08:17:03'
System info: host: 'LAPTOP-ON5LH59T', ip: '10.0.0.159', os.name: 'Windows 10', os.arch: 'amd64', os.version: '10.0', java.version: '1.8.0_332'
Driver info: driver.version: unknown
	at org.openqa.selenium.support.ui.Select.selectByVisibleText(Select.java:147)
	at com.automation.steps.TesterSteps.tester_selects_defect_to_accept(TesterSteps.java:32)
	at âœ½.tester selects defect to accept(classpath:features/tester.feature:6)
&amp#27;[0m
  &amp#27;[36mWhen &amp#27;[0m&amp#27;[36mtester selects the defect description&amp#27;[0m       &amp#27;[90m# com.automation.steps.TesterSteps.tester_selects_the_defect_description()&amp#27;[0m
  &amp#27;[36mWhen &amp#27;[0m&amp#27;[36mtester clicks the submit button&amp#27;[0m             &amp#27;[90m# com.automation.steps.TesterSteps.tester_clicks_the_submit_button()&amp#27;[0m
  &amp#27;[36mThen &amp#27;[0m&amp#27;[36mdefect should be updated as accepted&amp#27;[0m        &amp#27;[90m# com.automation.steps.TesterSteps.defect_should_be_updated_as_accepted()&amp#27;[0m
]]></system-out>
  </testcase>
  <testcase name="Testers should be able to accept or Reject" classname="Testers of my bug catcher application should be able to update assigned defects" time="0.116">
    <error message="Cannot locate element with text: 63452&#10;For documentation on this error, please visit: https://www.seleniumhq.org/exceptions/no_such_element.html&#10;Build info: version: &apos;3.141.59&apos;, revision: &apos;e82be7d358&apos;, time: &apos;2018-11-14T08:17:03&apos;&#10;System info: host: &apos;LAPTOP-ON5LH59T&apos;, ip: &apos;10.0.0.159&apos;, os.name: &apos;Windows 10&apos;, os.arch: &apos;amd64&apos;, os.version: &apos;10.0&apos;, java.version: &apos;1.8.0_332&apos;&#10;Driver info: driver.version: unknown" type="org.openqa.selenium.NoSuchElementException">org.openqa.selenium.NoSuchElementException: 
Cannot locate element with text: 63452
For documentation on this error, please visit: https://www.seleniumhq.org/exceptions/no_such_element.html
Build info: version: '3.141.59', revision: 'e82be7d358', time: '2018-11-14T08:17:03'
System info: host: 'LAPTOP-ON5LH59T', ip: '10.0.0.159', os.name: 'Windows 10', os.arch: 'amd64', os.version: '10.0', java.version: '1.8.0_332'
Driver info: driver.version: unknown
</error>
    <system-out><![CDATA[
Scenario: Testers should be able to accept or Reject &amp#27;[90m# features/tester.feature:11&amp#27;[0m
  &amp#27;[32mGiven &amp#27;[0m&amp#27;[32mtester is logged into custom tester page&amp#27;[0m     &amp#27;[90m# com.automation.steps.TesterSteps.tester_is_logged_into_custom_tester_page()&amp#27;[0m
  &amp#27;[31mWhen &amp#27;[0m&amp#27;[31mtester selects pending defect by id&amp#27;[0m           &amp#27;[90m# com.automation.steps.TesterSteps.tester_selects_pending_defect_by_id()&amp#27;[0m
      &amp#27;[31morg.openqa.selenium.NoSuchElementException: Cannot locate element with text: 63452
For documentation on this error, please visit: https://www.seleniumhq.org/exceptions/no_such_element.html
Build info: version: '3.141.59', revision: 'e82be7d358', time: '2018-11-14T08:17:03'
System info: host: 'LAPTOP-ON5LH59T', ip: '10.0.0.159', os.name: 'Windows 10', os.arch: 'amd64', os.version: '10.0', java.version: '1.8.0_332'
Driver info: driver.version: unknown
	at org.openqa.selenium.support.ui.Select.selectByVisibleText(Select.java:147)
	at com.automation.steps.TesterSteps.tester_selects_pending_defect_by_id(TesterSteps.java:25)
	at âœ½.tester selects pending defect by id(classpath:features/tester.feature:13)
&amp#27;[0m
  &amp#27;[36mWhen &amp#27;[0m&amp#27;[36mtester selects defect to rejected&amp#27;[0m             &amp#27;[90m# com.automation.steps.TesterSteps.tester_selects_defect_to_rejected()&amp#27;[0m
  &amp#27;[36mWhen &amp#27;[0m&amp#27;[36mtester selects the defect description&amp#27;[0m         &amp#27;[90m# com.automation.steps.TesterSteps.tester_selects_the_defect_description()&amp#27;[0m
  &amp#27;[36mWhen &amp#27;[0m&amp#27;[36mtester clicks the submit button&amp#27;[0m               &amp#27;[90m# com.automation.steps.TesterSteps.tester_clicks_the_submit_button()&amp#27;[0m
  &amp#27;[36mThen &amp#27;[0m&amp#27;[36mdefect should be updated as rejected&amp#27;[0m          &amp#27;[90m# com.automation.steps.TesterSteps.defect_should_be_updated_as_rejected()&amp#27;[0m
]]></system-out>
  </testcase>
  <testcase name="Testers should be able update the defect status" classname="Testers of my bug catcher application should be able to update assigned defects" time="0.202">
    <error message="Cannot locate element with text: Fixed&#10;For documentation on this error, please visit: https://www.seleniumhq.org/exceptions/no_such_element.html&#10;Build info: version: &apos;3.141.59&apos;, revision: &apos;e82be7d358&apos;, time: &apos;2018-11-14T08:17:03&apos;&#10;System info: host: &apos;LAPTOP-ON5LH59T&apos;, ip: &apos;10.0.0.159&apos;, os.name: &apos;Windows 10&apos;, os.arch: &apos;amd64&apos;, os.version: &apos;10.0&apos;, java.version: &apos;1.8.0_332&apos;&#10;Driver info: driver.version: unknown" type="org.openqa.selenium.NoSuchElementException">org.openqa.selenium.NoSuchElementException: 
Cannot locate element with text: Fixed
For documentation on this error, please visit: https://www.seleniumhq.org/exceptions/no_such_element.html
Build info: version: '3.141.59', revision: 'e82be7d358', time: '2018-11-14T08:17:03'
System info: host: 'LAPTOP-ON5LH59T', ip: '10.0.0.159', os.name: 'Windows 10', os.arch: 'amd64', os.version: '10.0', java.version: '1.8.0_332'
Driver info: driver.version: unknown
</error>
    <system-out><![CDATA[
Scenario: Testers should be able update the defect status &amp#27;[90m# features/tester.feature:20&amp#27;[0m
  &amp#27;[32mGiven &amp#27;[0m&amp#27;[32mtester is logged into custom tester page&amp#27;[0m          &amp#27;[90m# com.automation.steps.TesterSteps.tester_is_logged_into_custom_tester_page()&amp#27;[0m
  &amp#27;[32mWhen &amp#27;[0m&amp#27;[32mtester selects defect by id&amp#27;[0m                        &amp#27;[90m# com.automation.steps.TesterSteps.tester_selects_defect_by_id()&amp#27;[0m
  &amp#27;[31mWhen &amp#27;[0m&amp#27;[31mtester selects fix shelved or rejected&amp#27;[0m             &amp#27;[90m# com.automation.steps.TesterSteps.tester_selects_fix_shelved_or_rejected()&amp#27;[0m
      &amp#27;[31morg.openqa.selenium.NoSuchElementException: Cannot locate element with text: Fixed
For documentation on this error, please visit: https://www.seleniumhq.org/exceptions/no_such_element.html
Build info: version: '3.141.59', revision: 'e82be7d358', time: '2018-11-14T08:17:03'
System info: host: 'LAPTOP-ON5LH59T', ip: '10.0.0.159', os.name: 'Windows 10', os.arch: 'amd64', os.version: '10.0', java.version: '1.8.0_332'
Driver info: driver.version: unknown
	at org.openqa.selenium.support.ui.Select.selectByVisibleText(Select.java:147)
	at com.automation.steps.TesterSteps.tester_selects_fix_shelved_or_rejected(TesterSteps.java:85)
	at âœ½.tester selects fix shelved or rejected(classpath:features/tester.feature:24)
&amp#27;[0m
  &amp#27;[36mWhen &amp#27;[0m&amp#27;[36mtester selects a  defect description&amp#27;[0m               &amp#27;[90m# com.automation.steps.TesterSteps.tester_selects_a_defect_description()&amp#27;[0m
  &amp#27;[36mWhen &amp#27;[0m&amp#27;[36mtester clicks on the submit button&amp#27;[0m                 &amp#27;[90m# com.automation.steps.TesterSteps.tester_clicks_on_the_submit_button()&amp#27;[0m
  &amp#27;[36mThen &amp#27;[0m&amp#27;[36mdefect status should be updated&amp#27;[0m                    &amp#27;[90m# com.automation.steps.TesterSteps.defect_status_should_be_updated()&amp#27;[0m
]]></system-out>
  </testcase>
</testsuite>